[backblue.gif]
[fade.gif]
[index.html]
[appcore.themehexa.com/assets/img/favicon.ico]
[appcore.themehexa.com/assets/img/phone01.png]
[appcore.themehexa.com/assets/img/phone02.png]
[appcore.themehexa.com/assets/img/phone03.jpg]
[appcore.themehexa.com/assets/img/phone04.jpg]
[appcore.themehexa.com/assets/img/screenshots/01.jpg]
[appcore.themehexa.com/assets/img/screenshots/02.jpg]
[appcore.themehexa.com/assets/img/screenshots/03.jpg]
[appcore.themehexa.com/assets/img/screenshots/04.jpg]
[appcore.themehexa.com/assets/img/reviews/1.jpg]
[appcore.themehexa.com/assets/img/reviews/2.jpg]
[appcore.themehexa.com/assets/img/reviews/3.jpg]
[appcore.themehexa.com/assets/img/ribbon.png]
[appcore.themehexa.com/assets/img/team/1.jpg]
[appcore.themehexa.com/assets/img/team/2.jpg]
[appcore.themehexa.com/assets/img/team/3.jpg]
[appcore.themehexa.com/assets/img/team/4.jpg]
[appcore.themehexa.com/assets/js/jquery-1.11.1.min.js]
[appcore.themehexa.com/assets/js/bootstrap.min.js]
[appcore.themehexa.com/assets/js/jquery.easing.1.3.min.js]
[appcore.themehexa.com/assets/js/owl.carousel.min.js]
[appcore.themehexa.com/assets/js/jquery.magnific-popup.min.js]
[appcore.themehexa.com/assets/js/jquery.ajaxchimp.min.js]
[appcore.themehexa.com/assets/js/jquery.backstretch.min.js]
[appcore.themehexa.com/assets/js/wow.min.js]
[appcore.themehexa.com/assets/js/jquery.textrotator.min.js]
[appcore.themehexa.com/index.html]
[appcore.themehexa.com/assets/js/custom.js]
[appcore.themehexa.com/assets/css/bootstrap.min.css]
[appcore.themehexa.com/assets/img/preloader.gif]
[appcore.themehexa.com/assets/css/custom.css]
[appcore.themehexa.com/assets/css/animate.css]
[appcore.themehexa.com/assets/img/4.jpg]
[appcore.themehexa.com/assets/css/owl.carousel.css]
[appcore.themehexa.com/assets/css/owl.theme.css]
[appcore.themehexa.com/assets/css/owl.transitions.css]
[appcore.themehexa.com/assets/css/magnific-popup.css]
[appcore.themehexa.com/assets/themify-icons/fonts/themify9f24.eot]
[appcore.themehexa.com/assets/themify-icons/fonts/themifyd41d.eot]
[appcore.themehexa.com/assets/themify-icons/fonts/themify9f24.woff]
[appcore.themehexa.com/assets/themify-icons/fonts/themify9f24.ttf]
[appcore.themehexa.com/assets/themify-icons/themify-icons.css]
[appcore.themehexa.com/assets/fonts/glyphicons-halflings-regular.html]
[appcore.themehexa.com/assets/fonts/glyphicons-halflings-regulard41d.html]
[appcore.themehexa.com/assets/fonts/glyphicons-halflings-regular-2.html]
[appcore.themehexa.com/assets/fonts/glyphicons-halflings-regular-3.html]
[appcore.themehexa.com/assets/fonts/glyphicons-halflings-regular-4.html]
[appcore.themehexa.com/assets/fonts/glyphicons-halflings-regular-5.html]
[appcore.themehexa.com/assets/css/grabbing.html]
[appcore.themehexa.com/assets/css/AjaxLoader.html]
[appcore.themehexa.com/assets/themify-icons/fonts/themify9f24.svg]
